  process.cpp
c:\users\admin\desktop\yubun\yubun\process.cpp : warning C4819: ファイルは、現在のコード ページ (932) で表示できない文字を含んでいます。データの損失を防ぐために、ファイルを Unicode 形式で保存してください。
c:\libraries\opencv\build\include\opencv2\core\mat.hpp(1965): warning C4819: ファイルは、現在のコード ページ (932) で表示できない文字を含んでいます。データの損失を防ぐために、ファイルを Unicode 形式で保存してください。
c:\libraries\opencv\build\include\opencv2\core\persistence.hpp : warning C4819: ファイルは、現在のコード ページ (932) で表示できない文字を含んでいます。データの損失を防ぐために、ファイルを Unicode 形式で保存してください。
c:\libraries\opencv\build\include\opencv2\core\utility.hpp : warning C4819: ファイルは、現在のコード ページ (932) で表示できない文字を含んでいます。データの損失を防ぐために、ファイルを Unicode 形式で保存してください。
c:\libraries\opencv\build\include\opencv2\core\utility.hpp : warning C4819: ファイルは、現在のコード ページ (932) で表示できない文字を含んでいます。データの損失を防ぐために、ファイルを Unicode 形式で保存してください。
c:\users\admin\desktop\yubun\yubun\process.cpp(82): warning C4102: 'cv': ラベルは 1 度も参照されません。
c:\users\admin\desktop\yubun\yubun\process.cpp(119): warning C4244: '=': 'float' から 'int' への変換です。データが失われる可能性があります。
c:\users\admin\desktop\yubun\yubun\process.cpp(120): warning C4244: '=': 'float' から 'int' への変換です。データが失われる可能性があります。
c:\users\admin\desktop\yubun\yubun\process.cpp(221): warning C4244: '=': 'double' から 'float' への変換です。データが失われる可能性があります。
c:\users\admin\desktop\yubun\yubun\process.cpp(222): warning C4244: '=': 'int' から 'float' への変換です。データが失われる可能性があります。
c:\users\admin\desktop\yubun\yubun\process.cpp(223): warning C4244: '=': 'int' から 'float' への変換です。データが失われる可能性があります。
c:\users\admin\desktop\yubun\yubun\process.cpp(224): warning C4244: '=': 'int' から 'float' への変換です。データが失われる可能性があります。
c:\users\admin\desktop\yubun\yubun\process.cpp(263): warning C4244: '=': 'int' から 'float' への変換です。データが失われる可能性があります。
c:\users\admin\desktop\yubun\yubun\process.cpp(264): warning C4244: '=': 'int' から 'float' への変換です。データが失われる可能性があります。
c:\users\admin\desktop\yubun\yubun\process.cpp(265): warning C4244: '=': 'int' から 'float' への変換です。データが失われる可能性があります。
c:\users\admin\desktop\yubun\yubun\process.cpp(268): warning C4244: '=': 'int' から 'float' への変換です。データが失われる可能性があります。
c:\users\admin\desktop\yubun\yubun\process.cpp(269): warning C4244: '=': 'int' から 'float' への変換です。データが失われる可能性があります。
c:\users\admin\desktop\yubun\yubun\process.cpp(270): warning C4244: '=': 'int' から 'float' への変換です。データが失われる可能性があります。
c:\users\admin\desktop\yubun\yubun\process.cpp(362): warning C4244: '初期化中': 'double' から 'float' への変換です。データが失われる可能性があります。
  main_yubun.cpp
c:\libraries\opencv\build\include\opencv2\core\mat.hpp(1965): warning C4819: ファイルは、現在のコード ページ (932) で表示できない文字を含んでいます。データの損失を防ぐために、ファイルを Unicode 形式で保存してください。
c:\libraries\opencv\build\include\opencv2\core\persistence.hpp : warning C4819: ファイルは、現在のコード ページ (932) で表示できない文字を含んでいます。データの損失を防ぐために、ファイルを Unicode 形式で保存してください。
c:\libraries\opencv\build\include\opencv2\core\utility.hpp : warning C4819: ファイルは、現在のコード ページ (932) で表示できない文字を含んでいます。データの損失を防ぐために、ファイルを Unicode 形式で保存してください。
c:\libraries\opencv\build\include\opencv2\core\utility.hpp : warning C4819: ファイルは、現在のコード ページ (932) で表示できない文字を含んでいます。データの損失を防ぐために、ファイルを Unicode 形式で保存してください。
c:\users\admin\desktop\yubun\yubun\main_yubun.cpp(61): warning C4244: '引数': 'int' から 'float' への変換です。データが失われる可能性があります。
c:\users\admin\desktop\yubun\yubun\main_yubun.cpp(124): warning C4244: '引数': 'int' から 'float' への変換です。データが失われる可能性があります。
c:\users\admin\desktop\yubun\yubun\main_yubun.cpp(198): warning C4244: '引数': 'float' から 'int' への変換です。データが失われる可能性があります。
c:\users\admin\desktop\yubun\yubun\main_yubun.cpp(228): warning C4244: '引数': 'float' から 'int' への変換です。データが失われる可能性があります。
  コードを生成中...
  yubun.vcxproj -> C:\Users\Admin\Desktop\yubun\x64\Debug\yubun.exe
  yubun.vcxproj -> C:\Users\Admin\Desktop\yubun\x64\Debug\yubun.pdb (Full PDB)
